<?xml version="1.0" encoding="UTF-8"?>
<!-- Generated by org.testng.reporters.JUnitReportReporter -->
<testsuite hostname="ubuntu" name="testng.NewTest" tests="1" failures="0" timestamp="7 Jul 2014 17:40:16 GMT" time="0.087" errors="0">
  <testcase name="f" time="0.087" classname="testng.NewTest"/>
</testsuite> <!-- testng.NewTest -->
